mode: set
alchemicallabaratory/handlers/handlers.go:27.110,33.2 1 1
alchemicallabaratory/handlers/handlers.go:35.68,38.9 2 1
alchemicallabaratory/handlers/handlers.go:39.102,40.37 1 1
alchemicallabaratory/handlers/handlers.go:43.2,52.35 4 1
alchemicallabaratory/handlers/handlers.go:55.86,60.16 4 1
alchemicallabaratory/handlers/handlers.go:60.16,62.3 1 0
alchemicallabaratory/handlers/handlers.go:65.82,72.16 4 1
alchemicallabaratory/handlers/handlers.go:72.16,75.3 2 1
alchemicallabaratory/handlers/handlers.go:77.2,77.60 1 1
alchemicallabaratory/handlers/handlers.go:77.60,80.3 2 1
alchemicallabaratory/handlers/handlers.go:82.2,83.16 2 1
alchemicallabaratory/handlers/handlers.go:83.16,86.3 2 1
alchemicallabaratory/handlers/handlers.go:88.2,88.42 1 1
alchemicallabaratory/handlers/handlers.go:91.80,94.16 3 1
alchemicallabaratory/handlers/handlers.go:94.16,97.3 2 1
alchemicallabaratory/handlers/handlers.go:99.2,99.37 1 1
alchemicallabaratory/handlers/handlers.go:103.77,108.16 4 1
alchemicallabaratory/handlers/handlers.go:108.16,111.3 2 1
alchemicallabaratory/handlers/handlers.go:113.2,114.16 2 1
alchemicallabaratory/handlers/handlers.go:114.16,117.3 2 1
alchemicallabaratory/handlers/handlers.go:119.2,120.16 2 1
alchemicallabaratory/handlers/handlers.go:120.16,123.3 2 1
alchemicallabaratory/handlers/handlers.go:124.2,124.42 1 1
alchemicallabaratory/handlers/handlers.go:127.76,130.16 3 1
alchemicallabaratory/handlers/handlers.go:130.16,133.3 2 1
alchemicallabaratory/handlers/handlers.go:134.2,134.37 1 1
alchemicallabaratory/handlers/handlers.go:137.69,142.16 4 1
alchemicallabaratory/handlers/handlers.go:142.16,145.3 2 1
alchemicallabaratory/handlers/handlers.go:147.2,147.52 1 1
alchemicallabaratory/handlers/handlers.go:147.52,150.3 2 1
alchemicallabaratory/handlers/handlers.go:152.2,153.16 2 1
alchemicallabaratory/handlers/handlers.go:153.16,156.3 2 1
alchemicallabaratory/handlers/handlers.go:158.2,159.16 2 1
alchemicallabaratory/handlers/handlers.go:159.16,162.3 2 1
alchemicallabaratory/handlers/handlers.go:163.2,163.57 1 1
alchemicallabaratory/handlers/handlers.go:166.75,170.16 4 1
alchemicallabaratory/handlers/handlers.go:170.16,173.3 2 1
alchemicallabaratory/handlers/handlers.go:174.2,174.42 1 1
alchemicallabaratory/handlers/handlers.go:177.83,184.16 5 1
alchemicallabaratory/handlers/handlers.go:184.16,187.3 2 1
alchemicallabaratory/handlers/handlers.go:189.2,191.16 3 1
alchemicallabaratory/handlers/handlers.go:191.16,194.3 2 1
alchemicallabaratory/handlers/handlers.go:195.2,195.52 1 1
alchemicallabaratory/handlers/handlers.go:195.52,199.3 3 1
alchemicallabaratory/handlers/handlers.go:201.2,202.16 2 1
alchemicallabaratory/handlers/handlers.go:202.16,205.3 2 1
alchemicallabaratory/handlers/handlers.go:207.2,207.44 1 1
alchemicallabaratory/workers/boiler/boiler.go:18.74,22.2 1 1
alchemicallabaratory/workers/boiler/boiler.go:24.70,26.16 2 1
alchemicallabaratory/workers/boiler/boiler.go:26.16,28.3 1 1
alchemicallabaratory/workers/boiler/boiler.go:30.2,33.16 3 1
alchemicallabaratory/workers/boiler/boiler.go:33.16,35.3 1 1
alchemicallabaratory/workers/boiler/boiler.go:36.2,36.12 1 1
alchemicallabaratory/cmd/main.go:16.13,28.16 7 0
alchemicallabaratory/cmd/main.go:28.16,30.3 1 0
alchemicallabaratory/cmd/main.go:33.29,48.16 10 0
alchemicallabaratory/cmd/main.go:48.16,50.3 1 0
alchemicallabaratory/cmd/main.go:51.2,51.11 1 0
alchemicallabaratory/workers/boiler/mocks/BoilerWorkerInterface.go:17.81,20.19 2 0
alchemicallabaratory/workers/boiler/mocks/BoilerWorkerInterface.go:20.19,21.48 1 0
alchemicallabaratory/workers/boiler/mocks/BoilerWorkerInterface.go:24.2,25.68 2 0
alchemicallabaratory/workers/boiler/mocks/BoilerWorkerInterface.go:25.68,27.3 1 0
alchemicallabaratory/workers/boiler/mocks/BoilerWorkerInterface.go:27.8,29.3 1 0
alchemicallabaratory/workers/boiler/mocks/BoilerWorkerInterface.go:31.2,31.11 1 0
alchemicallabaratory/workers/boiler/mocks/BoilerWorkerInterface.go:39.27,43.19 3 0
alchemicallabaratory/workers/boiler/mocks/BoilerWorkerInterface.go:43.19,43.49 1 0
alchemicallabaratory/workers/boiler/mocks/BoilerWorkerInterface.go:45.2,45.13 1 0
alchemicallabaratory/models/brewingJobs.go:18.58,24.2 1 0
alchemicallabaratory/models/ingredient.go:12.59,18.2 1 0
alchemicallabaratory/models/recipe.go:13.44,17.39 2 0
alchemicallabaratory/models/recipe.go:17.39,23.3 2 0
alchemicallabaratory/models/recipe.go:25.2,30.3 1 0
alchemicallabaratory/repository/mocks/GrimoireRepoInterface.go:18.98,21.19 2 0
alchemicallabaratory/repository/mocks/GrimoireRepoInterface.go:21.19,22.56 1 0
alchemicallabaratory/repository/mocks/GrimoireRepoInterface.go:25.2,26.70 2 0
alchemicallabaratory/repository/mocks/GrimoireRepoInterface.go:26.70,28.3 1 0
alchemicallabaratory/repository/mocks/GrimoireRepoInterface.go:28.8,30.3 1 0
alchemicallabaratory/repository/mocks/GrimoireRepoInterface.go:32.2,32.11 1 0
alchemicallabaratory/repository/mocks/GrimoireRepoInterface.go:36.98,39.19 2 0
alchemicallabaratory/repository/mocks/GrimoireRepoInterface.go:39.19,40.55 1 0
alchemicallabaratory/repository/mocks/GrimoireRepoInterface.go:43.2,45.78 3 0
alchemicallabaratory/repository/mocks/GrimoireRepoInterface.go:45.78,47.3 1 0
alchemicallabaratory/repository/mocks/GrimoireRepoInterface.go:48.2,48.69 1 0
alchemicallabaratory/repository/mocks/GrimoireRepoInterface.go:48.69,50.3 1 0
alchemicallabaratory/repository/mocks/GrimoireRepoInterface.go:50.8,52.3 1 0
alchemicallabaratory/repository/mocks/GrimoireRepoInterface.go:54.2,54.68 1 0
alchemicallabaratory/repository/mocks/GrimoireRepoInterface.go:54.68,56.3 1 0
alchemicallabaratory/repository/mocks/GrimoireRepoInterface.go:56.8,58.3 1 0
alchemicallabaratory/repository/mocks/GrimoireRepoInterface.go:60.2,60.15 1 0
alchemicallabaratory/repository/mocks/GrimoireRepoInterface.go:64.99,67.19 2 0
alchemicallabaratory/repository/mocks/GrimoireRepoInterface.go:67.19,68.56 1 0
alchemicallabaratory/repository/mocks/GrimoireRepoInterface.go:71.2,73.83 3 0
alchemicallabaratory/repository/mocks/GrimoireRepoInterface.go:73.83,75.3 1 0
alchemicallabaratory/repository/mocks/GrimoireRepoInterface.go:76.2,76.74 1 0
alchemicallabaratory/repository/mocks/GrimoireRepoInterface.go:76.74,78.3 1 0
alchemicallabaratory/repository/mocks/GrimoireRepoInterface.go:78.8,79.24 1 0
alchemicallabaratory/repository/mocks/GrimoireRepoInterface.go:79.24,81.4 1 0
alchemicallabaratory/repository/mocks/GrimoireRepoInterface.go:84.2,84.60 1 0
alchemicallabaratory/repository/mocks/GrimoireRepoInterface.go:84.60,86.3 1 0
alchemicallabaratory/repository/mocks/GrimoireRepoInterface.go:86.8,88.3 1 0
alchemicallabaratory/repository/mocks/GrimoireRepoInterface.go:90.2,90.15 1 0
alchemicallabaratory/repository/mocks/GrimoireRepoInterface.go:94.94,97.19 2 0
alchemicallabaratory/repository/mocks/GrimoireRepoInterface.go:97.19,98.54 1 0
alchemicallabaratory/repository/mocks/GrimoireRepoInterface.go:101.2,103.75 3 0
alchemicallabaratory/repository/mocks/GrimoireRepoInterface.go:103.75,105.3 1 0
alchemicallabaratory/repository/mocks/GrimoireRepoInterface.go:106.2,106.66 1 0
alchemicallabaratory/repository/mocks/GrimoireRepoInterface.go:106.66,108.3 1 0
alchemicallabaratory/repository/mocks/GrimoireRepoInterface.go:108.8,110.3 1 0
alchemicallabaratory/repository/mocks/GrimoireRepoInterface.go:112.2,112.68 1 0
alchemicallabaratory/repository/mocks/GrimoireRepoInterface.go:112.68,114.3 1 0
alchemicallabaratory/repository/mocks/GrimoireRepoInterface.go:114.8,116.3 1 0
alchemicallabaratory/repository/mocks/GrimoireRepoInterface.go:118.2,118.15 1 0
alchemicallabaratory/repository/mocks/GrimoireRepoInterface.go:122.91,125.19 2 0
alchemicallabaratory/repository/mocks/GrimoireRepoInterface.go:125.19,126.52 1 0
alchemicallabaratory/repository/mocks/GrimoireRepoInterface.go:129.2,131.79 3 0
alchemicallabaratory/repository/mocks/GrimoireRepoInterface.go:131.79,133.3 1 0
alchemicallabaratory/repository/mocks/GrimoireRepoInterface.go:134.2,134.70 1 0
alchemicallabaratory/repository/mocks/GrimoireRepoInterface.go:134.70,136.3 1 0
alchemicallabaratory/repository/mocks/GrimoireRepoInterface.go:136.8,137.24 1 0
alchemicallabaratory/repository/mocks/GrimoireRepoInterface.go:137.24,139.4 1 0
alchemicallabaratory/repository/mocks/GrimoireRepoInterface.go:142.2,142.60 1 0
alchemicallabaratory/repository/mocks/GrimoireRepoInterface.go:142.60,144.3 1 0
alchemicallabaratory/repository/mocks/GrimoireRepoInterface.go:144.8,146.3 1 0
alchemicallabaratory/repository/mocks/GrimoireRepoInterface.go:148.2,148.15 1 0
alchemicallabaratory/repository/mocks/GrimoireRepoInterface.go:152.120,155.19 2 0
alchemicallabaratory/repository/mocks/GrimoireRepoInterface.go:155.19,156.57 1 0
alchemicallabaratory/repository/mocks/GrimoireRepoInterface.go:159.2,161.101 3 0
alchemicallabaratory/repository/mocks/GrimoireRepoInterface.go:161.101,163.3 1 0
alchemicallabaratory/repository/mocks/GrimoireRepoInterface.go:164.2,164.92 1 0
alchemicallabaratory/repository/mocks/GrimoireRepoInterface.go:164.92,166.3 1 0
alchemicallabaratory/repository/mocks/GrimoireRepoInterface.go:166.8,167.24 1 0
alchemicallabaratory/repository/mocks/GrimoireRepoInterface.go:167.24,169.4 1 0
alchemicallabaratory/repository/mocks/GrimoireRepoInterface.go:172.2,172.79 1 0
alchemicallabaratory/repository/mocks/GrimoireRepoInterface.go:172.79,174.3 1 0
alchemicallabaratory/repository/mocks/GrimoireRepoInterface.go:174.8,176.3 1 0
alchemicallabaratory/repository/mocks/GrimoireRepoInterface.go:178.2,178.15 1 0
alchemicallabaratory/repository/mocks/GrimoireRepoInterface.go:182.114,185.19 2 0
alchemicallabaratory/repository/mocks/GrimoireRepoInterface.go:185.19,186.49 1 0
alchemicallabaratory/repository/mocks/GrimoireRepoInterface.go:189.2,191.103 3 0
alchemicallabaratory/repository/mocks/GrimoireRepoInterface.go:191.103,193.3 1 0
alchemicallabaratory/repository/mocks/GrimoireRepoInterface.go:194.2,194.94 1 0
alchemicallabaratory/repository/mocks/GrimoireRepoInterface.go:194.94,196.3 1 0
alchemicallabaratory/repository/mocks/GrimoireRepoInterface.go:196.8,197.24 1 0
alchemicallabaratory/repository/mocks/GrimoireRepoInterface.go:197.24,199.4 1 0
alchemicallabaratory/repository/mocks/GrimoireRepoInterface.go:202.2,202.80 1 0
alchemicallabaratory/repository/mocks/GrimoireRepoInterface.go:202.80,204.3 1 0
alchemicallabaratory/repository/mocks/GrimoireRepoInterface.go:204.8,206.3 1 0
alchemicallabaratory/repository/mocks/GrimoireRepoInterface.go:208.2,208.15 1 0
alchemicallabaratory/repository/mocks/GrimoireRepoInterface.go:212.107,215.19 2 0
alchemicallabaratory/repository/mocks/GrimoireRepoInterface.go:215.19,216.52 1 0
alchemicallabaratory/repository/mocks/GrimoireRepoInterface.go:219.2,221.93 3 0
alchemicallabaratory/repository/mocks/GrimoireRepoInterface.go:221.93,223.3 1 0
alchemicallabaratory/repository/mocks/GrimoireRepoInterface.go:224.2,224.84 1 0
alchemicallabaratory/repository/mocks/GrimoireRepoInterface.go:224.84,226.3 1 0
alchemicallabaratory/repository/mocks/GrimoireRepoInterface.go:226.8,227.24 1 0
alchemicallabaratory/repository/mocks/GrimoireRepoInterface.go:227.24,229.4 1 0
alchemicallabaratory/repository/mocks/GrimoireRepoInterface.go:232.2,232.75 1 0
alchemicallabaratory/repository/mocks/GrimoireRepoInterface.go:232.75,234.3 1 0
alchemicallabaratory/repository/mocks/GrimoireRepoInterface.go:234.8,236.3 1 0
alchemicallabaratory/repository/mocks/GrimoireRepoInterface.go:238.2,238.15 1 0
alchemicallabaratory/repository/mocks/GrimoireRepoInterface.go:242.99,245.19 2 0
alchemicallabaratory/repository/mocks/GrimoireRepoInterface.go:245.19,246.51 1 0
alchemicallabaratory/repository/mocks/GrimoireRepoInterface.go:249.2,250.76 2 0
alchemicallabaratory/repository/mocks/GrimoireRepoInterface.go:250.76,252.3 1 0
alchemicallabaratory/repository/mocks/GrimoireRepoInterface.go:252.8,254.3 1 0
alchemicallabaratory/repository/mocks/GrimoireRepoInterface.go:256.2,256.11 1 0
alchemicallabaratory/repository/mocks/GrimoireRepoInterface.go:264.27,268.19 3 0
alchemicallabaratory/repository/mocks/GrimoireRepoInterface.go:268.19,268.49 1 0
alchemicallabaratory/repository/mocks/GrimoireRepoInterface.go:270.2,270.13 1 0
alchemicallabaratory/server/server.go:16.56,20.2 1 0
alchemicallabaratory/server/server.go:22.30,40.56 12 0
alchemicallabaratory/server/server.go:40.56,42.3 1 0
alchemicallabaratory/server/server.go:44.2,44.12 1 0
alchemicallabaratory/repository/repository.go:31.61,35.2 1 1
alchemicallabaratory/repository/repository.go:37.116,43.16 4 1
alchemicallabaratory/repository/repository.go:43.16,45.3 1 1
alchemicallabaratory/repository/repository.go:46.2,47.16 2 1
alchemicallabaratory/repository/repository.go:50.90,62.16 3 1
alchemicallabaratory/repository/repository.go:62.16,64.3 1 0
alchemicallabaratory/repository/repository.go:66.2,68.16 2 1
alchemicallabaratory/repository/repository.go:68.16,70.3 1 1
alchemicallabaratory/repository/repository.go:72.2,72.12 1 1
alchemicallabaratory/repository/repository.go:75.95,81.16 4 1
alchemicallabaratory/repository/repository.go:81.16,83.3 1 0
alchemicallabaratory/repository/repository.go:85.2,85.28 1 1
alchemicallabaratory/repository/repository.go:88.103,92.16 3 1
alchemicallabaratory/repository/repository.go:92.16,94.3 1 0
alchemicallabaratory/repository/repository.go:95.2,100.16 4 1
alchemicallabaratory/repository/repository.go:100.16,102.3 1 1
alchemicallabaratory/repository/repository.go:103.2,108.38 4 1
alchemicallabaratory/repository/repository.go:108.38,116.3 6 1
alchemicallabaratory/repository/repository.go:118.2,122.16 3 1
alchemicallabaratory/repository/repository.go:122.16,124.3 1 1
alchemicallabaratory/repository/repository.go:126.2,126.36 1 1
alchemicallabaratory/repository/repository.go:126.36,128.3 1 0
alchemicallabaratory/repository/repository.go:130.2,130.16 1 1
alchemicallabaratory/repository/repository.go:133.87,158.16 5 0
alchemicallabaratory/repository/repository.go:158.16,160.3 1 0
alchemicallabaratory/repository/repository.go:162.2,163.22 2 0
alchemicallabaratory/repository/repository.go:163.22,165.17 2 0
alchemicallabaratory/repository/repository.go:165.17,167.4 1 0
alchemicallabaratory/repository/repository.go:168.3,168.35 1 0
alchemicallabaratory/repository/repository.go:171.2,171.26 1 0
alchemicallabaratory/repository/repository.go:174.110,179.16 4 1
alchemicallabaratory/repository/repository.go:179.16,181.3 1 1
alchemicallabaratory/repository/repository.go:183.2,184.16 2 1
alchemicallabaratory/repository/repository.go:187.90,190.16 2 0
alchemicallabaratory/repository/repository.go:190.16,192.3 1 0
alchemicallabaratory/repository/repository.go:193.2,209.16 5 0
alchemicallabaratory/repository/repository.go:209.16,212.3 2 0
alchemicallabaratory/repository/repository.go:214.2,226.16 4 0
alchemicallabaratory/repository/repository.go:226.16,229.3 2 0
alchemicallabaratory/repository/repository.go:231.2,231.36 1 0
alchemicallabaratory/repository/repository.go:231.36,241.17 4 0
alchemicallabaratory/repository/repository.go:241.17,244.4 2 0
alchemicallabaratory/repository/repository.go:247.2,270.16 6 0
alchemicallabaratory/repository/repository.go:270.16,273.3 2 0
alchemicallabaratory/repository/repository.go:274.2,275.16 2 0
alchemicallabaratory/repository/repository.go:275.16,277.3 1 0
alchemicallabaratory/repository/repository.go:278.2,278.25 1 0
alchemicallabaratory/repository/repository.go:281.94,293.16 4 0
alchemicallabaratory/repository/repository.go:293.16,296.3 2 0
alchemicallabaratory/repository/repository.go:297.2,297.20 1 0
alchemicallabaratory/repository/repository.go:300.88,312.16 3 1
alchemicallabaratory/repository/repository.go:312.16,314.3 1 1
alchemicallabaratory/repository/repository.go:315.2,315.12 1 1
