mode: set
alchemicallabaratory/handlers/handlers.go:27.110,33.2 1 1
alchemicallabaratory/handlers/handlers.go:35.68,38.9 2 1
alchemicallabaratory/handlers/handlers.go:39.102,40.37 1 1
alchemicallabaratory/handlers/handlers.go:43.2,52.35 4 1
alchemicallabaratory/handlers/handlers.go:55.86,60.16 4 1
alchemicallabaratory/handlers/handlers.go:60.16,62.3 1 0
alchemicallabaratory/handlers/handlers.go:65.82,72.16 4 1
alchemicallabaratory/handlers/handlers.go:72.16,75.3 2 1
alchemicallabaratory/handlers/handlers.go:77.2,77.60 1 1
alchemicallabaratory/handlers/handlers.go:77.60,80.3 2 1
alchemicallabaratory/handlers/handlers.go:82.2,83.16 2 1
alchemicallabaratory/handlers/handlers.go:83.16,86.3 2 0
alchemicallabaratory/handlers/handlers.go:88.2,88.42 1 1
alchemicallabaratory/handlers/handlers.go:91.80,94.16 3 1
alchemicallabaratory/handlers/handlers.go:94.16,97.3 2 0
alchemicallabaratory/handlers/handlers.go:99.2,99.37 1 1
alchemicallabaratory/handlers/handlers.go:103.77,108.16 4 0
alchemicallabaratory/handlers/handlers.go:108.16,111.3 2 0
alchemicallabaratory/handlers/handlers.go:113.2,114.16 2 0
alchemicallabaratory/handlers/handlers.go:114.16,117.3 2 0
alchemicallabaratory/handlers/handlers.go:118.2,118.42 1 0
alchemicallabaratory/handlers/handlers.go:121.76,124.16 3 1
alchemicallabaratory/handlers/handlers.go:124.16,127.3 2 1
alchemicallabaratory/handlers/handlers.go:128.2,128.37 1 1
alchemicallabaratory/handlers/handlers.go:131.69,136.16 4 0
alchemicallabaratory/handlers/handlers.go:136.16,139.3 2 0
alchemicallabaratory/handlers/handlers.go:141.2,142.16 2 0
alchemicallabaratory/handlers/handlers.go:142.16,145.3 2 0
alchemicallabaratory/handlers/handlers.go:147.2,148.16 2 0
alchemicallabaratory/handlers/handlers.go:148.16,151.3 2 0
alchemicallabaratory/handlers/handlers.go:152.2,152.57 1 0
alchemicallabaratory/handlers/handlers.go:156.75,160.16 4 0
alchemicallabaratory/handlers/handlers.go:160.16,163.3 2 0
alchemicallabaratory/handlers/handlers.go:164.2,164.42 1 0
alchemicallabaratory/handlers/handlers.go:167.83,174.16 5 1
alchemicallabaratory/handlers/handlers.go:174.16,177.3 2 0
alchemicallabaratory/handlers/handlers.go:179.2,181.16 3 1
alchemicallabaratory/handlers/handlers.go:181.16,184.3 2 0
alchemicallabaratory/handlers/handlers.go:185.2,185.52 1 1
alchemicallabaratory/handlers/handlers.go:185.52,188.3 2 1
alchemicallabaratory/handlers/handlers.go:190.2,191.16 2 1
alchemicallabaratory/handlers/handlers.go:191.16,194.3 2 0
alchemicallabaratory/handlers/handlers.go:196.2,196.44 1 1
alchemicallabaratory/cmd/main.go:16.13,28.16 7 0
alchemicallabaratory/cmd/main.go:28.16,30.3 1 0
alchemicallabaratory/cmd/main.go:33.29,48.16 10 0
alchemicallabaratory/cmd/main.go:48.16,50.3 1 0
alchemicallabaratory/cmd/main.go:51.2,51.11 1 0
alchemicallabaratory/workers/boiler/boiler.go:17.74,21.2 1 0
alchemicallabaratory/workers/boiler/boiler.go:23.70,25.16 2 0
alchemicallabaratory/workers/boiler/boiler.go:25.16,27.3 1 0
alchemicallabaratory/workers/boiler/boiler.go:29.2,32.12 3 0
alchemicallabaratory/repository/repository.go:31.61,35.2 1 0
alchemicallabaratory/repository/repository.go:37.116,43.16 4 0
alchemicallabaratory/repository/repository.go:43.16,45.3 1 0
alchemicallabaratory/repository/repository.go:46.2,47.16 2 0
alchemicallabaratory/repository/repository.go:50.90,62.16 3 0
alchemicallabaratory/repository/repository.go:62.16,64.3 1 0
alchemicallabaratory/repository/repository.go:65.2,65.12 1 0
alchemicallabaratory/repository/repository.go:68.95,74.16 4 0
alchemicallabaratory/repository/repository.go:74.16,76.3 1 0
alchemicallabaratory/repository/repository.go:78.2,78.28 1 0
alchemicallabaratory/repository/repository.go:81.103,85.16 3 0
alchemicallabaratory/repository/repository.go:85.16,87.3 1 0
alchemicallabaratory/repository/repository.go:88.2,93.16 4 0
alchemicallabaratory/repository/repository.go:93.16,95.3 1 0
alchemicallabaratory/repository/repository.go:96.2,101.38 4 0
alchemicallabaratory/repository/repository.go:101.38,109.3 6 0
alchemicallabaratory/repository/repository.go:111.2,115.16 3 0
alchemicallabaratory/repository/repository.go:115.16,117.3 1 0
alchemicallabaratory/repository/repository.go:119.2,119.36 1 0
alchemicallabaratory/repository/repository.go:119.36,121.3 1 0
alchemicallabaratory/repository/repository.go:123.2,123.16 1 0
alchemicallabaratory/repository/repository.go:126.87,151.16 5 0
alchemicallabaratory/repository/repository.go:151.16,153.3 1 0
alchemicallabaratory/repository/repository.go:155.2,156.22 2 0
alchemicallabaratory/repository/repository.go:156.22,158.17 2 0
alchemicallabaratory/repository/repository.go:158.17,160.4 1 0
alchemicallabaratory/repository/repository.go:161.3,161.35 1 0
alchemicallabaratory/repository/repository.go:164.2,164.26 1 0
alchemicallabaratory/repository/repository.go:167.110,172.16 4 0
alchemicallabaratory/repository/repository.go:172.16,174.3 1 0
alchemicallabaratory/repository/repository.go:176.2,177.16 2 0
alchemicallabaratory/repository/repository.go:180.90,183.16 2 0
alchemicallabaratory/repository/repository.go:183.16,185.3 1 0
alchemicallabaratory/repository/repository.go:186.2,202.16 5 0
alchemicallabaratory/repository/repository.go:202.16,205.3 2 0
alchemicallabaratory/repository/repository.go:207.2,219.16 4 0
alchemicallabaratory/repository/repository.go:219.16,222.3 2 0
alchemicallabaratory/repository/repository.go:224.2,224.36 1 0
alchemicallabaratory/repository/repository.go:224.36,234.17 4 0
alchemicallabaratory/repository/repository.go:234.17,237.4 2 0
alchemicallabaratory/repository/repository.go:240.2,263.16 6 0
alchemicallabaratory/repository/repository.go:263.16,266.3 2 0
alchemicallabaratory/repository/repository.go:267.2,268.16 2 0
alchemicallabaratory/repository/repository.go:268.16,270.3 1 0
alchemicallabaratory/repository/repository.go:271.2,271.25 1 0
alchemicallabaratory/repository/repository.go:274.94,286.16 4 0
alchemicallabaratory/repository/repository.go:286.16,289.3 2 0
alchemicallabaratory/repository/repository.go:290.2,290.20 1 0
alchemicallabaratory/repository/repository.go:293.88,305.16 3 0
alchemicallabaratory/repository/repository.go:305.16,307.3 1 0
alchemicallabaratory/repository/repository.go:308.2,308.12 1 0
alchemicallabaratory/models/brewingJobs.go:18.58,24.2 1 0
alchemicallabaratory/models/ingredient.go:12.59,18.2 1 0
alchemicallabaratory/models/recipe.go:13.44,17.39 2 0
alchemicallabaratory/models/recipe.go:17.39,23.3 2 0
alchemicallabaratory/models/recipe.go:25.2,30.3 1 0
alchemicallabaratory/server/server.go:16.56,20.2 1 0
alchemicallabaratory/server/server.go:22.30,40.56 12 0
alchemicallabaratory/server/server.go:40.56,42.3 1 0
alchemicallabaratory/server/server.go:44.2,44.12 1 0
alchemicallabaratory/repository/mocks/GrimoireRepoInterface.go:18.98,21.19 2 0
alchemicallabaratory/repository/mocks/GrimoireRepoInterface.go:21.19,22.56 1 0
alchemicallabaratory/repository/mocks/GrimoireRepoInterface.go:25.2,26.70 2 0
alchemicallabaratory/repository/mocks/GrimoireRepoInterface.go:26.70,28.3 1 0
alchemicallabaratory/repository/mocks/GrimoireRepoInterface.go:28.8,30.3 1 0
alchemicallabaratory/repository/mocks/GrimoireRepoInterface.go:32.2,32.11 1 0
alchemicallabaratory/repository/mocks/GrimoireRepoInterface.go:36.98,39.19 2 0
alchemicallabaratory/repository/mocks/GrimoireRepoInterface.go:39.19,40.55 1 0
alchemicallabaratory/repository/mocks/GrimoireRepoInterface.go:43.2,45.78 3 0
alchemicallabaratory/repository/mocks/GrimoireRepoInterface.go:45.78,47.3 1 0
alchemicallabaratory/repository/mocks/GrimoireRepoInterface.go:48.2,48.69 1 0
alchemicallabaratory/repository/mocks/GrimoireRepoInterface.go:48.69,50.3 1 0
alchemicallabaratory/repository/mocks/GrimoireRepoInterface.go:50.8,52.3 1 0
alchemicallabaratory/repository/mocks/GrimoireRepoInterface.go:54.2,54.68 1 0
alchemicallabaratory/repository/mocks/GrimoireRepoInterface.go:54.68,56.3 1 0
alchemicallabaratory/repository/mocks/GrimoireRepoInterface.go:56.8,58.3 1 0
alchemicallabaratory/repository/mocks/GrimoireRepoInterface.go:60.2,60.15 1 0
alchemicallabaratory/repository/mocks/GrimoireRepoInterface.go:64.99,67.19 2 0
alchemicallabaratory/repository/mocks/GrimoireRepoInterface.go:67.19,68.56 1 0
alchemicallabaratory/repository/mocks/GrimoireRepoInterface.go:71.2,73.83 3 0
alchemicallabaratory/repository/mocks/GrimoireRepoInterface.go:73.83,75.3 1 0
alchemicallabaratory/repository/mocks/GrimoireRepoInterface.go:76.2,76.74 1 0
alchemicallabaratory/repository/mocks/GrimoireRepoInterface.go:76.74,78.3 1 0
alchemicallabaratory/repository/mocks/GrimoireRepoInterface.go:78.8,79.24 1 0
alchemicallabaratory/repository/mocks/GrimoireRepoInterface.go:79.24,81.4 1 0
alchemicallabaratory/repository/mocks/GrimoireRepoInterface.go:84.2,84.60 1 0
alchemicallabaratory/repository/mocks/GrimoireRepoInterface.go:84.60,86.3 1 0
alchemicallabaratory/repository/mocks/GrimoireRepoInterface.go:86.8,88.3 1 0
alchemicallabaratory/repository/mocks/GrimoireRepoInterface.go:90.2,90.15 1 0
alchemicallabaratory/repository/mocks/GrimoireRepoInterface.go:94.94,97.19 2 0
alchemicallabaratory/repository/mocks/GrimoireRepoInterface.go:97.19,98.54 1 0
alchemicallabaratory/repository/mocks/GrimoireRepoInterface.go:101.2,103.75 3 0
alchemicallabaratory/repository/mocks/GrimoireRepoInterface.go:103.75,105.3 1 0
alchemicallabaratory/repository/mocks/GrimoireRepoInterface.go:106.2,106.66 1 0
alchemicallabaratory/repository/mocks/GrimoireRepoInterface.go:106.66,108.3 1 0
alchemicallabaratory/repository/mocks/GrimoireRepoInterface.go:108.8,110.3 1 0
alchemicallabaratory/repository/mocks/GrimoireRepoInterface.go:112.2,112.68 1 0
alchemicallabaratory/repository/mocks/GrimoireRepoInterface.go:112.68,114.3 1 0
alchemicallabaratory/repository/mocks/GrimoireRepoInterface.go:114.8,116.3 1 0
alchemicallabaratory/repository/mocks/GrimoireRepoInterface.go:118.2,118.15 1 0
alchemicallabaratory/repository/mocks/GrimoireRepoInterface.go:122.91,125.19 2 0
alchemicallabaratory/repository/mocks/GrimoireRepoInterface.go:125.19,126.52 1 0
alchemicallabaratory/repository/mocks/GrimoireRepoInterface.go:129.2,131.79 3 0
alchemicallabaratory/repository/mocks/GrimoireRepoInterface.go:131.79,133.3 1 0
alchemicallabaratory/repository/mocks/GrimoireRepoInterface.go:134.2,134.70 1 0
alchemicallabaratory/repository/mocks/GrimoireRepoInterface.go:134.70,136.3 1 0
alchemicallabaratory/repository/mocks/GrimoireRepoInterface.go:136.8,137.24 1 0
alchemicallabaratory/repository/mocks/GrimoireRepoInterface.go:137.24,139.4 1 0
alchemicallabaratory/repository/mocks/GrimoireRepoInterface.go:142.2,142.60 1 0
alchemicallabaratory/repository/mocks/GrimoireRepoInterface.go:142.60,144.3 1 0
alchemicallabaratory/repository/mocks/GrimoireRepoInterface.go:144.8,146.3 1 0
alchemicallabaratory/repository/mocks/GrimoireRepoInterface.go:148.2,148.15 1 0
alchemicallabaratory/repository/mocks/GrimoireRepoInterface.go:152.120,155.19 2 0
alchemicallabaratory/repository/mocks/GrimoireRepoInterface.go:155.19,156.57 1 0
alchemicallabaratory/repository/mocks/GrimoireRepoInterface.go:159.2,161.101 3 0
alchemicallabaratory/repository/mocks/GrimoireRepoInterface.go:161.101,163.3 1 0
alchemicallabaratory/repository/mocks/GrimoireRepoInterface.go:164.2,164.92 1 0
alchemicallabaratory/repository/mocks/GrimoireRepoInterface.go:164.92,166.3 1 0
alchemicallabaratory/repository/mocks/GrimoireRepoInterface.go:166.8,167.24 1 0
alchemicallabaratory/repository/mocks/GrimoireRepoInterface.go:167.24,169.4 1 0
alchemicallabaratory/repository/mocks/GrimoireRepoInterface.go:172.2,172.79 1 0
alchemicallabaratory/repository/mocks/GrimoireRepoInterface.go:172.79,174.3 1 0
alchemicallabaratory/repository/mocks/GrimoireRepoInterface.go:174.8,176.3 1 0
alchemicallabaratory/repository/mocks/GrimoireRepoInterface.go:178.2,178.15 1 0
alchemicallabaratory/repository/mocks/GrimoireRepoInterface.go:182.114,185.19 2 0
alchemicallabaratory/repository/mocks/GrimoireRepoInterface.go:185.19,186.49 1 0
alchemicallabaratory/repository/mocks/GrimoireRepoInterface.go:189.2,191.103 3 0
alchemicallabaratory/repository/mocks/GrimoireRepoInterface.go:191.103,193.3 1 0
alchemicallabaratory/repository/mocks/GrimoireRepoInterface.go:194.2,194.94 1 0
alchemicallabaratory/repository/mocks/GrimoireRepoInterface.go:194.94,196.3 1 0
alchemicallabaratory/repository/mocks/GrimoireRepoInterface.go:196.8,197.24 1 0
alchemicallabaratory/repository/mocks/GrimoireRepoInterface.go:197.24,199.4 1 0
alchemicallabaratory/repository/mocks/GrimoireRepoInterface.go:202.2,202.80 1 0
alchemicallabaratory/repository/mocks/GrimoireRepoInterface.go:202.80,204.3 1 0
alchemicallabaratory/repository/mocks/GrimoireRepoInterface.go:204.8,206.3 1 0
alchemicallabaratory/repository/mocks/GrimoireRepoInterface.go:208.2,208.15 1 0
alchemicallabaratory/repository/mocks/GrimoireRepoInterface.go:212.107,215.19 2 0
alchemicallabaratory/repository/mocks/GrimoireRepoInterface.go:215.19,216.52 1 0
alchemicallabaratory/repository/mocks/GrimoireRepoInterface.go:219.2,221.93 3 0
alchemicallabaratory/repository/mocks/GrimoireRepoInterface.go:221.93,223.3 1 0
alchemicallabaratory/repository/mocks/GrimoireRepoInterface.go:224.2,224.84 1 0
alchemicallabaratory/repository/mocks/GrimoireRepoInterface.go:224.84,226.3 1 0
alchemicallabaratory/repository/mocks/GrimoireRepoInterface.go:226.8,227.24 1 0
alchemicallabaratory/repository/mocks/GrimoireRepoInterface.go:227.24,229.4 1 0
alchemicallabaratory/repository/mocks/GrimoireRepoInterface.go:232.2,232.75 1 0
alchemicallabaratory/repository/mocks/GrimoireRepoInterface.go:232.75,234.3 1 0
alchemicallabaratory/repository/mocks/GrimoireRepoInterface.go:234.8,236.3 1 0
alchemicallabaratory/repository/mocks/GrimoireRepoInterface.go:238.2,238.15 1 0
alchemicallabaratory/repository/mocks/GrimoireRepoInterface.go:242.99,245.19 2 0
alchemicallabaratory/repository/mocks/GrimoireRepoInterface.go:245.19,246.51 1 0
alchemicallabaratory/repository/mocks/GrimoireRepoInterface.go:249.2,250.76 2 0
alchemicallabaratory/repository/mocks/GrimoireRepoInterface.go:250.76,252.3 1 0
alchemicallabaratory/repository/mocks/GrimoireRepoInterface.go:252.8,254.3 1 0
alchemicallabaratory/repository/mocks/GrimoireRepoInterface.go:256.2,256.11 1 0
alchemicallabaratory/repository/mocks/GrimoireRepoInterface.go:264.27,268.19 3 0
alchemicallabaratory/repository/mocks/GrimoireRepoInterface.go:268.19,268.49 1 0
alchemicallabaratory/repository/mocks/GrimoireRepoInterface.go:270.2,270.13 1 0
